2025-08-02T00:12:03.751+07:00  INFO 14584 --- [LegalPark] [main] c.s.LegalPark.LegalParkApplication       : Starting LegalParkApplication using Java 22.0.2 with PID 14584 (D:\LegalPark\target\classes started by Lenovo in D:\LegalPark)
2025-08-02T00:12:03.797+07:00  INFO 14584 --- [LegalPark] [main] c.s.LegalPark.LegalParkApplication       : No active profile set, falling back to 1 default profile: "default"
2025-08-02T00:12:12.532+07:00  INFO 14584 --- [LegalPark] [main] .s.d.r.c.RepositoryConfigurationDelegate : Bootstrapping Spring Data JPA repositories in DEFAULT mode.
2025-08-02T00:12:13.726+07:00  INFO 14584 --- [LegalPark] [main] .s.d.r.c.RepositoryConfigurationDelegate : Finished Spring Data repository scanning in 1160 ms. Found 7 JPA repository interfaces.
2025-08-02T00:12:21.654+07:00  INFO 14584 --- [LegalPark] [main] o.s.b.w.embedded.tomcat.TomcatWebServer  : Tomcat initialized with port 8085 (http)
2025-08-02T00:12:21.792+07:00  INFO 14584 --- [LegalPark] [main] o.apache.catalina.core.StandardService   : Starting service [Tomcat]
2025-08-02T00:12:21.793+07:00  INFO 14584 --- [LegalPark] [main] o.apache.catalina.core.StandardEngine    : Starting Servlet engine: [Apache Tomcat/10.1.42]
2025-08-02T00:12:22.988+07:00  INFO 14584 --- [LegalPark] [main] o.a.c.c.C.[Tomcat].[localhost].[/]       : Initializing Spring embedded WebApplicationContext
2025-08-02T00:12:22.990+07:00  INFO 14584 --- [LegalPark] [main] w.s.c.ServletWebServerApplicationContext : Root WebApplicationContext: initialization completed in 18926 ms
2025-08-02T00:12:23.859+07:00  INFO 14584 --- [LegalPark] [main] o.hibernate.jpa.internal.util.LogHelper  : HHH000204: Processing PersistenceUnitInfo [name: default]
2025-08-02T00:12:24.948+07:00  INFO 14584 --- [LegalPark] [main] org.hibernate.Version                    : HHH000412: Hibernate ORM core version 6.6.18.Final
2025-08-02T00:12:25.277+07:00  INFO 14584 --- [LegalPark] [main] o.h.c.internal.RegionFactoryInitiator    : HHH000026: Second-level cache disabled
2025-08-02T00:12:27.417+07:00  INFO 14584 --- [LegalPark] [main] o.s.o.j.p.SpringPersistenceUnitInfo      : No LoadTimeWeaver setup: ignoring JPA class transformer
2025-08-02T00:12:27.531+07:00  INFO 14584 --- [LegalPark] [main] com.zaxxer.hikari.HikariDataSource       : HikariPool-1 - Starting...
2025-08-02T00:12:28.385+07:00  INFO 14584 --- [LegalPark] [main] com.zaxxer.hikari.pool.HikariPool        : HikariPool-1 - Added connection org.mariadb.jdbc.Connection@523abba9
2025-08-02T00:12:28.392+07:00  INFO 14584 --- [LegalPark] [main] com.zaxxer.hikari.HikariDataSource       : HikariPool-1 - Start completed.
2025-08-02T00:12:28.739+07:00  INFO 14584 --- [LegalPark] [main] org.hibernate.orm.connections.pooling    : HHH10001005: Database info:
	Database JDBC URL [Connecting through datasource 'HikariDataSource (HikariPool-1)']
	Database driver: undefined/unknown
	Database version: 10.4.32
	Autocommit mode: undefined/unknown
	Isolation level: undefined/unknown
	Minimum pool size: undefined/unknown
	Maximum pool size: undefined/unknown
2025-08-02T00:12:34.373+07:00  INFO 14584 --- [LegalPark] [main] o.h.e.t.j.p.i.JtaPlatformInitiator       : HHH000489: No JTA platform available (set 'hibernate.transaction.jta.platform' to enable JTA platform integration)
2025-08-02T00:12:34.573+07:00 DEBUG 14584 --- [LegalPark] [main] org.hibernate.SQL                        : alter table email_verification_tokens modify column id VARCHAR(36) not null
2025-08-02T00:12:34.596+07:00 DEBUG 14584 --- [LegalPark] [main] org.hibernate.SQL                        : alter table email_verification_tokens modify column user_id VARCHAR(36) not null
2025-08-02T00:12:34.612+07:00 DEBUG 14584 --- [LegalPark] [main] org.hibernate.SQL                        : alter table log_verifications modify column id VARCHAR(36) not null
2025-08-02T00:12:34.622+07:00 DEBUG 14584 --- [LegalPark] [main] org.hibernate.SQL                        : alter table log_verifications modify column user_id VARCHAR(36) not null
2025-08-02T00:12:34.635+07:00 DEBUG 14584 --- [LegalPark] [main] org.hibernate.SQL                        : alter table merchants modify column id VARCHAR(36) not null
2025-08-02T00:12:34.649+07:00 DEBUG 14584 --- [LegalPark] [main] org.hibernate.SQL                        : alter table parking_rates modify column id VARCHAR(36) not null
2025-08-02T00:12:34.661+07:00 DEBUG 14584 --- [LegalPark] [main] org.hibernate.SQL                        : alter table parking_rates modify column duration_type enum ('DAILY','FLAT_RATE','HOURLY') not null
2025-08-02T00:12:34.682+07:00 DEBUG 14584 --- [LegalPark] [main] org.hibernate.SQL                        : alter table parking_rates modify column vehicle_type enum ('CAR','MOTORCYCLE','OTHER','TRUCK') not null
2025-08-02T00:12:34.692+07:00 DEBUG 14584 --- [LegalPark] [main] org.hibernate.SQL                        : alter table parking_spots modify column id VARCHAR(36) not null
2025-08-02T00:12:34.703+07:00 DEBUG 14584 --- [LegalPark] [main] org.hibernate.SQL                        : alter table parking_spots modify column spot_type enum ('BICYCLE','CAR','MOTORCYCLE') not null
2025-08-02T00:12:34.731+07:00 DEBUG 14584 --- [LegalPark] [main] org.hibernate.SQL                        : alter table parking_spots modify column merchant_id VARCHAR(36) not null
2025-08-02T00:12:34.740+07:00 DEBUG 14584 --- [LegalPark] [main] org.hibernate.SQL                        : alter table parking_transactions modify column id VARCHAR(36) not null
2025-08-02T00:12:34.773+07:00 DEBUG 14584 --- [LegalPark] [main] org.hibernate.SQL                        : alter table parking_transactions modify column payment_status enum ('FAILED','PAID','PENDING') not null
2025-08-02T00:12:34.781+07:00 DEBUG 14584 --- [LegalPark] [main] org.hibernate.SQL                        : alter table parking_transactions modify column status enum ('ACTIVE','CANCELLED','COMPLETED') not null
2025-08-02T00:12:34.789+07:00 DEBUG 14584 --- [LegalPark] [main] org.hibernate.SQL                        : alter table parking_transactions modify column parking_spot_id VARCHAR(36)
2025-08-02T00:12:34.798+07:00 DEBUG 14584 --- [LegalPark] [main] org.hibernate.SQL                        : alter table parking_transactions modify column vehicle_id VARCHAR(36) not null
2025-08-02T00:12:34.934+07:00 DEBUG 14584 --- [LegalPark] [main] org.hibernate.SQL                        : alter table payment_verification_codes modify column parking_transaction_id VARCHAR(36)
2025-08-02T00:12:34.957+07:00 DEBUG 14584 --- [LegalPark] [main] org.hibernate.SQL                        : alter table payment_verification_codes modify column user_id VARCHAR(36) not null
2025-08-02T00:12:34.985+07:00 DEBUG 14584 --- [LegalPark] [main] org.hibernate.SQL                        : alter table users modify column id VARCHAR(36) not null
2025-08-02T00:12:34.993+07:00 DEBUG 14584 --- [LegalPark] [main] org.hibernate.SQL                        : alter table users modify column account_status enum ('ACTIVE','BLOCKED','INACTIVE','PENDING_VERIFICATION','SUSPENDED') not null
2025-08-02T00:12:35.001+07:00 DEBUG 14584 --- [LegalPark] [main] org.hibernate.SQL                        : alter table users modify column role enum ('ADMIN','SUPERADMIN','USER') not null
2025-08-02T00:12:35.009+07:00 DEBUG 14584 --- [LegalPark] [main] org.hibernate.SQL                        : alter table vehicles modify column id VARCHAR(36) not null
2025-08-02T00:12:35.017+07:00 DEBUG 14584 --- [LegalPark] [main] org.hibernate.SQL                        : alter table vehicles modify column type enum ('CAR','MOTORCYCLE','OTHER','TRUCK') not null
2025-08-02T00:12:35.025+07:00 DEBUG 14584 --- [LegalPark] [main] org.hibernate.SQL                        : alter table vehicles modify column owner_id VARCHAR(36) not null
2025-08-02T00:12:35.034+07:00 DEBUG 14584 --- [LegalPark] [main] org.hibernate.SQL                        : alter table verification_codes modify column id VARCHAR(36) not null
2025-08-02T00:12:35.044+07:00 DEBUG 14584 --- [LegalPark] [main] org.hibernate.SQL                        : alter table verification_codes modify column vehicle_type enum ('CAR','MOTORCYCLE','OTHER','TRUCK') not null
2025-08-02T00:12:35.053+07:00 DEBUG 14584 --- [LegalPark] [main] org.hibernate.SQL                        : alter table verification_codes modify column user_id VARCHAR(36) not null
2025-08-02T00:12:35.159+07:00  INFO 14584 --- [LegalPark] [main] j.LocalContainerEntityManagerFactoryBean : Initialized JPA EntityManagerFactory for persistence unit 'default'
2025-08-02T00:12:40.550+07:00  INFO 14584 --- [LegalPark] [main] o.s.d.j.r.query.QueryEnhancerFactory     : Hibernate is in classpath; If applicable, HQL parser will be used.
2025-08-02T00:12:47.626+07:00  INFO 14584 --- [LegalPark] [main] eAuthenticationProviderManagerConfigurer : Global AuthenticationManager configured with AuthenticationProvider bean with name authenticationProvider
2025-08-02T00:12:47.788+07:00  WARN 14584 --- [LegalPark] [main] r$InitializeUserDetailsManagerConfigurer : Global AuthenticationManager configured with an AuthenticationProvider bean. UserDetailsService beans will not be used by Spring Security for automatically configuring username/password login. Consider removing the AuthenticationProvider bean. Alternatively, consider using the UserDetailsService in a manually instantiated DaoAuthenticationProvider. If the current configuration is intentional, to turn off this warning, increase the logging level of 'org.springframework.security.config.annotation.authentication.configuration.InitializeUserDetailsBeanManagerConfigurer' to ERROR
2025-08-02T00:12:50.798+07:00  WARN 14584 --- [LegalPark] [main] JpaBaseConfiguration$JpaWebConfiguration : spring.jpa.open-in-view is enabled by default. Therefore, database queries may be performed during view rendering. Explicitly configure spring.jpa.open-in-view to disable this warning
2025-08-02T00:12:58.555+07:00  INFO 14584 --- [LegalPark] [main] o.s.b.w.embedded.tomcat.TomcatWebServer  : Tomcat started on port 8085 (http) with context path '/'
2025-08-02T00:12:58.664+07:00  INFO 14584 --- [LegalPark] [main] c.s.LegalPark.LegalParkApplication       : Started LegalParkApplication in 59.974 seconds (process running for 62.639)
2025-08-02T00:13:49.953+07:00  INFO 14584 --- [LegalPark] [http-nio-8085-exec-2] o.a.c.c.C.[Tomcat].[localhost].[/]       : Initializing Spring DispatcherServlet 'dispatcherServlet'
2025-08-02T00:13:49.954+07:00  INFO 14584 --- [LegalPark] [http-nio-8085-exec-2] o.s.web.servlet.DispatcherServlet        : Initializing Servlet 'dispatcherServlet'
2025-08-02T00:13:49.957+07:00  INFO 14584 --- [LegalPark] [http-nio-8085-exec-2] o.s.web.servlet.DispatcherServlet        : Completed initialization in 3 ms
2025-08-02T00:13:51.263+07:00 DEBUG 14584 --- [LegalPark] [http-nio-8085-exec-2] org.hibernate.SQL                        : select u1_0.id,u1_0.account_name,u1_0.account_status,u1_0.balance,u1_0.created_at,u1_0.email,u1_0.password,u1_0.phone_number,u1_0.role,u1_0.updated_at from users u1_0 where u1_0.email=?
2025-08-02T00:13:53.228+07:00  INFO 14584 --- [LegalPark] [http-nio-8085-exec-2] c.s.L.c.v.VerificationCodeController     : Received request to generate payment verification code for userId: dc4927eb-8d99-4435-9d04-9f7f7bea28fc
2025-08-02T00:13:53.455+07:00 DEBUG 14584 --- [LegalPark] [http-nio-8085-exec-2] org.hibernate.SQL                        : select u1_0.id,u1_0.account_name,u1_0.account_status,u1_0.balance,u1_0.created_at,u1_0.email,u1_0.password,u1_0.phone_number,u1_0.role,u1_0.updated_at from users u1_0 where u1_0.id=?
2025-08-02T00:13:53.586+07:00 DEBUG 14584 --- [LegalPark] [http-nio-8085-exec-2] org.hibernate.SQL                        : select pt1_0.id,pt1_0.created_at,pt1_0.entry_time,pt1_0.exit_time,pt1_0.parking_spot_id,pt1_0.payment_status,pt1_0.status,pt1_0.total_cost,pt1_0.updated_at,pt1_0.vehicle_id from parking_transactions pt1_0 where pt1_0.id=?
2025-08-02T00:14:27.855+07:00  INFO 14584 --- [LegalPark] [SpringApplicationShutdownHook] o.s.b.w.e.tomcat.GracefulShutdown        : Commencing graceful shutdown. Waiting for active requests to complete
2025-08-02T00:14:27.876+07:00  INFO 14584 --- [LegalPark] [tomcat-shutdown] o.s.b.w.e.tomcat.GracefulShutdown        : Graceful shutdown complete
2025-08-02T00:14:27.893+07:00  INFO 14584 --- [LegalPark] [SpringApplicationShutdownHook] j.LocalContainerEntityManagerFactoryBean : Closing JPA EntityManagerFactory for persistence unit 'default'
2025-08-02T00:14:27.901+07:00  INFO 14584 --- [LegalPark] [SpringApplicationShutdownHook] com.zaxxer.hikari.HikariDataSource       : HikariPool-1 - Shutdown initiated...
2025-08-02T00:14:27.926+07:00  INFO 14584 --- [LegalPark] [SpringApplicationShutdownHook] com.zaxxer.hikari.HikariDataSource       : HikariPool-1 - Shutdown completed.
2025-08-02T00:15:46.244+07:00  INFO 1016 --- [LegalPark] [main] c.s.LegalPark.LegalParkApplication       : Starting LegalParkApplication using Java 22.0.2 with PID 1016 (D:\LegalPark\target\classes started by Lenovo in D:\LegalPark)
2025-08-02T00:15:46.257+07:00  INFO 1016 --- [LegalPark] [main] c.s.LegalPark.LegalParkApplication       : No active profile set, falling back to 1 default profile: "default"
2025-08-02T00:15:51.639+07:00  INFO 1016 --- [LegalPark] [main] .s.d.r.c.RepositoryConfigurationDelegate : Bootstrapping Spring Data JPA repositories in DEFAULT mode.
2025-08-02T00:15:52.221+07:00  INFO 1016 --- [LegalPark] [main] .s.d.r.c.RepositoryConfigurationDelegate : Finished Spring Data repository scanning in 547 ms. Found 7 JPA repository interfaces.
2025-08-02T00:15:56.424+07:00  INFO 1016 --- [LegalPark] [main] o.s.b.w.embedded.tomcat.TomcatWebServer  : Tomcat initialized with port 8085 (http)
2025-08-02T00:15:56.487+07:00  INFO 1016 --- [LegalPark] [main] o.apache.catalina.core.StandardService   : Starting service [Tomcat]
2025-08-02T00:15:56.488+07:00  INFO 1016 --- [LegalPark] [main] o.apache.catalina.core.StandardEngine    : Starting Servlet engine: [Apache Tomcat/10.1.42]
2025-08-02T00:15:57.383+07:00  INFO 1016 --- [LegalPark] [main] o.a.c.c.C.[Tomcat].[localhost].[/]       : Initializing Spring embedded WebApplicationContext
2025-08-02T00:15:57.386+07:00  INFO 1016 --- [LegalPark] [main] w.s.c.ServletWebServerApplicationContext : Root WebApplicationContext: initialization completed in 10858 ms
2025-08-02T00:16:03.417+07:00  INFO 1016 --- [LegalPark] [main] o.hibernate.jpa.internal.util.LogHelper  : HHH000204: Processing PersistenceUnitInfo [name: default]
2025-08-02T00:16:04.301+07:00  INFO 1016 --- [LegalPark] [main] org.hibernate.Version                    : HHH000412: Hibernate ORM core version 6.6.18.Final
2025-08-02T00:16:04.681+07:00  INFO 1016 --- [LegalPark] [main] o.h.c.internal.RegionFactoryInitiator    : HHH000026: Second-level cache disabled
2025-08-02T00:16:08.664+07:00  INFO 1016 --- [LegalPark] [main] o.s.o.j.p.SpringPersistenceUnitInfo      : No LoadTimeWeaver setup: ignoring JPA class transformer
2025-08-02T00:16:08.992+07:00  INFO 1016 --- [LegalPark] [main] com.zaxxer.hikari.HikariDataSource       : HikariPool-1 - Starting...
2025-08-02T00:16:10.564+07:00  INFO 1016 --- [LegalPark] [main] com.zaxxer.hikari.pool.HikariPool        : HikariPool-1 - Added connection org.mariadb.jdbc.Connection@51813065
2025-08-02T00:16:10.569+07:00  INFO 1016 --- [LegalPark] [main] com.zaxxer.hikari.HikariDataSource       : HikariPool-1 - Start completed.
2025-08-02T00:16:10.913+07:00  INFO 1016 --- [LegalPark] [main] org.hibernate.orm.connections.pooling    : HHH10001005: Database info:
	Database JDBC URL [Connecting through datasource 'HikariDataSource (HikariPool-1)']
	Database driver: undefined/unknown
	Database version: 10.4.32
	Autocommit mode: undefined/unknown
	Isolation level: undefined/unknown
	Minimum pool size: undefined/unknown
	Maximum pool size: undefined/unknown
2025-08-02T00:16:15.192+07:00  INFO 1016 --- [LegalPark] [main] o.h.e.t.j.p.i.JtaPlatformInitiator       : HHH000489: No JTA platform available (set 'hibernate.transaction.jta.platform' to enable JTA platform integration)
2025-08-02T00:16:15.429+07:00 DEBUG 1016 --- [LegalPark] [main] org.hibernate.SQL                        : alter table email_verification_tokens modify column id VARCHAR(36) not null
2025-08-02T00:16:15.465+07:00 DEBUG 1016 --- [LegalPark] [main] org.hibernate.SQL                        : alter table email_verification_tokens modify column user_id VARCHAR(36) not null
2025-08-02T00:16:15.476+07:00 DEBUG 1016 --- [LegalPark] [main] org.hibernate.SQL                        : alter table log_verifications modify column id VARCHAR(36) not null
2025-08-02T00:16:15.490+07:00 DEBUG 1016 --- [LegalPark] [main] org.hibernate.SQL                        : alter table log_verifications modify column user_id VARCHAR(36) not null
2025-08-02T00:16:15.509+07:00 DEBUG 1016 --- [LegalPark] [main] org.hibernate.SQL                        : alter table merchants modify column id VARCHAR(36) not null
2025-08-02T00:16:15.528+07:00 DEBUG 1016 --- [LegalPark] [main] org.hibernate.SQL                        : alter table parking_rates modify column id VARCHAR(36) not null
2025-08-02T00:16:15.540+07:00 DEBUG 1016 --- [LegalPark] [main] org.hibernate.SQL                        : alter table parking_rates modify column duration_type enum ('DAILY','FLAT_RATE','HOURLY') not null
2025-08-02T00:16:15.548+07:00 DEBUG 1016 --- [LegalPark] [main] org.hibernate.SQL                        : alter table parking_rates modify column vehicle_type enum ('CAR','MOTORCYCLE','OTHER','TRUCK') not null
2025-08-02T00:16:15.564+07:00 DEBUG 1016 --- [LegalPark] [main] org.hibernate.SQL                        : alter table parking_spots modify column id VARCHAR(36) not null
2025-08-02T00:16:15.575+07:00 DEBUG 1016 --- [LegalPark] [main] org.hibernate.SQL                        : alter table parking_spots modify column spot_type enum ('BICYCLE','CAR','MOTORCYCLE') not null
2025-08-02T00:16:15.589+07:00 DEBUG 1016 --- [LegalPark] [main] org.hibernate.SQL                        : alter table parking_spots modify column merchant_id VARCHAR(36) not null
2025-08-02T00:16:15.600+07:00 DEBUG 1016 --- [LegalPark] [main] org.hibernate.SQL                        : alter table parking_transactions modify column id VARCHAR(36) not null
2025-08-02T00:16:15.613+07:00 DEBUG 1016 --- [LegalPark] [main] org.hibernate.SQL                        : alter table parking_transactions modify column payment_status enum ('FAILED','PAID','PENDING') not null
2025-08-02T00:16:15.627+07:00 DEBUG 1016 --- [LegalPark] [main] org.hibernate.SQL                        : alter table parking_transactions modify column status enum ('ACTIVE','CANCELLED','COMPLETED') not null
2025-08-02T00:16:15.683+07:00 DEBUG 1016 --- [LegalPark] [main] org.hibernate.SQL                        : alter table parking_transactions modify column parking_spot_id VARCHAR(36)
2025-08-02T00:16:15.705+07:00 DEBUG 1016 --- [LegalPark] [main] org.hibernate.SQL                        : alter table parking_transactions modify column vehicle_id VARCHAR(36) not null
2025-08-02T00:16:15.716+07:00 DEBUG 1016 --- [LegalPark] [main] org.hibernate.SQL                        : alter table payment_verification_codes modify column parking_transaction_id VARCHAR(36)
2025-08-02T00:16:15.743+07:00 DEBUG 1016 --- [LegalPark] [main] org.hibernate.SQL                        : alter table payment_verification_codes modify column user_id VARCHAR(36) not null
2025-08-02T00:16:15.769+07:00 DEBUG 1016 --- [LegalPark] [main] org.hibernate.SQL                        : alter table users modify column id VARCHAR(36) not null
2025-08-02T00:16:15.781+07:00 DEBUG 1016 --- [LegalPark] [main] org.hibernate.SQL                        : alter table users modify column account_status enum ('ACTIVE','BLOCKED','INACTIVE','PENDING_VERIFICATION','SUSPENDED') not null
2025-08-02T00:16:15.794+07:00 DEBUG 1016 --- [LegalPark] [main] org.hibernate.SQL                        : alter table users modify column role enum ('ADMIN','SUPERADMIN','USER') not null
2025-08-02T00:16:15.807+07:00 DEBUG 1016 --- [LegalPark] [main] org.hibernate.SQL                        : alter table vehicles modify column id VARCHAR(36) not null
2025-08-02T00:16:15.815+07:00 DEBUG 1016 --- [LegalPark] [main] org.hibernate.SQL                        : alter table vehicles modify column type enum ('CAR','MOTORCYCLE','OTHER','TRUCK') not null
2025-08-02T00:16:15.827+07:00 DEBUG 1016 --- [LegalPark] [main] org.hibernate.SQL                        : alter table vehicles modify column owner_id VARCHAR(36) not null
2025-08-02T00:16:15.836+07:00 DEBUG 1016 --- [LegalPark] [main] org.hibernate.SQL                        : alter table verification_codes modify column id VARCHAR(36) not null
2025-08-02T00:16:15.845+07:00 DEBUG 1016 --- [LegalPark] [main] org.hibernate.SQL                        : alter table verification_codes modify column vehicle_type enum ('CAR','MOTORCYCLE','OTHER','TRUCK') not null
2025-08-02T00:16:15.854+07:00 DEBUG 1016 --- [LegalPark] [main] org.hibernate.SQL                        : alter table verification_codes modify column user_id VARCHAR(36) not null
2025-08-02T00:16:16.100+07:00  INFO 1016 --- [LegalPark] [main] j.LocalContainerEntityManagerFactoryBean : Initialized JPA EntityManagerFactory for persistence unit 'default'
2025-08-02T00:16:18.417+07:00  INFO 1016 --- [LegalPark] [main] o.s.d.j.r.query.QueryEnhancerFactory     : Hibernate is in classpath; If applicable, HQL parser will be used.
2025-08-02T00:16:25.261+07:00  INFO 1016 --- [LegalPark] [main] eAuthenticationProviderManagerConfigurer : Global AuthenticationManager configured with AuthenticationProvider bean with name authenticationProvider
2025-08-02T00:16:25.263+07:00  WARN 1016 --- [LegalPark] [main] r$InitializeUserDetailsManagerConfigurer : Global AuthenticationManager configured with an AuthenticationProvider bean. UserDetailsService beans will not be used by Spring Security for automatically configuring username/password login. Consider removing the AuthenticationProvider bean. Alternatively, consider using the UserDetailsService in a manually instantiated DaoAuthenticationProvider. If the current configuration is intentional, to turn off this warning, increase the logging level of 'org.springframework.security.config.annotation.authentication.configuration.InitializeUserDetailsBeanManagerConfigurer' to ERROR
2025-08-02T00:16:27.808+07:00  WARN 1016 --- [LegalPark] [main] JpaBaseConfiguration$JpaWebConfiguration : spring.jpa.open-in-view is enabled by default. Therefore, database queries may be performed during view rendering. Explicitly configure spring.jpa.open-in-view to disable this warning
2025-08-02T00:16:35.372+07:00  INFO 1016 --- [LegalPark] [main] o.s.b.w.embedded.tomcat.TomcatWebServer  : Tomcat started on port 8085 (http) with context path '/'
2025-08-02T00:16:35.465+07:00  INFO 1016 --- [LegalPark] [main] c.s.LegalPark.LegalParkApplication       : Started LegalParkApplication in 53.398 seconds (process running for 56.268)
2025-08-02T00:17:00.864+07:00  INFO 1016 --- [LegalPark] [http-nio-8085-exec-2] o.a.c.c.C.[Tomcat].[localhost].[/]       : Initializing Spring DispatcherServlet 'dispatcherServlet'
2025-08-02T00:17:00.865+07:00  INFO 1016 --- [LegalPark] [http-nio-8085-exec-2] o.s.web.servlet.DispatcherServlet        : Initializing Servlet 'dispatcherServlet'
2025-08-02T00:17:00.972+07:00  INFO 1016 --- [LegalPark] [http-nio-8085-exec-2] o.s.web.servlet.DispatcherServlet        : Completed initialization in 8 ms
2025-08-02T00:17:06.876+07:00 DEBUG 1016 --- [LegalPark] [http-nio-8085-exec-2] org.hibernate.SQL                        : select u1_0.id,u1_0.account_name,u1_0.account_status,u1_0.balance,u1_0.created_at,u1_0.email,u1_0.password,u1_0.phone_number,u1_0.role,u1_0.updated_at from users u1_0 where u1_0.email=?
2025-08-02T00:17:07.262+07:00 DEBUG 1016 --- [LegalPark] [http-nio-8085-exec-2] org.hibernate.SQL                        : select u1_0.id,u1_0.account_name,u1_0.account_status,u1_0.balance,u1_0.created_at,u1_0.email,u1_0.password,u1_0.phone_number,u1_0.role,u1_0.updated_at from users u1_0 where u1_0.email=?
2025-08-02T00:20:03.784+07:00 DEBUG 1016 --- [LegalPark] [http-nio-8085-exec-4] org.hibernate.SQL                        : select u1_0.id,u1_0.account_name,u1_0.account_status,u1_0.balance,u1_0.created_at,u1_0.email,u1_0.password,u1_0.phone_number,u1_0.role,u1_0.updated_at from users u1_0 where u1_0.email=?
2025-08-02T00:20:03.881+07:00 DEBUG 1016 --- [LegalPark] [http-nio-8085-exec-4] org.hibernate.SQL                        : select pt1_0.id,pt1_0.created_at,pt1_0.entry_time,pt1_0.exit_time,pt1_0.parking_spot_id,pt1_0.payment_status,pt1_0.status,pt1_0.total_cost,pt1_0.updated_at,pt1_0.vehicle_id from parking_transactions pt1_0
2025-08-02T00:20:06.959+07:00 DEBUG 1016 --- [LegalPark] [http-nio-8085-exec-4] org.hibernate.SQL                        : select v1_0.id,v1_0.created_at,v1_0.license_plate,v1_0.owner_id,v1_0.type,v1_0.updated_at from vehicles v1_0 where v1_0.id=?
2025-08-02T00:20:07.004+07:00 DEBUG 1016 --- [LegalPark] [http-nio-8085-exec-4] org.hibernate.SQL                        : select u1_0.id,u1_0.account_name,u1_0.account_status,u1_0.balance,u1_0.created_at,u1_0.email,u1_0.password,u1_0.phone_number,u1_0.role,u1_0.updated_at from users u1_0 where u1_0.id=?
2025-08-02T00:20:07.031+07:00 DEBUG 1016 --- [LegalPark] [http-nio-8085-exec-4] org.hibernate.SQL                        : select ps1_0.id,ps1_0.created_at,ps1_0.floor,ps1_0.merchant_id,ps1_0.spot_number,ps1_0.spot_type,ps1_0.status,ps1_0.updated_at from parking_spots ps1_0 where ps1_0.id=?
2025-08-02T00:20:09.327+07:00 DEBUG 1016 --- [LegalPark] [http-nio-8085-exec-4] org.hibernate.SQL                        : select m1_0.id,m1_0.contact_person,m1_0.contact_phone,m1_0.created_at,m1_0.merchant_address,m1_0.merchant_code,m1_0.merchant_name,m1_0.updated_at from merchants m1_0 where m1_0.id=?
2025-08-02T00:21:19.463+07:00 DEBUG 1016 --- [LegalPark] [http-nio-8085-exec-8] org.hibernate.SQL                        : select u1_0.id,u1_0.account_name,u1_0.account_status,u1_0.balance,u1_0.created_at,u1_0.email,u1_0.password,u1_0.phone_number,u1_0.role,u1_0.updated_at from users u1_0 where u1_0.email=?
2025-08-02T00:21:20.108+07:00 DEBUG 1016 --- [LegalPark] [http-nio-8085-exec-8] org.hibernate.SQL                        : select pt1_0.id,pt1_0.created_at,pt1_0.entry_time,pt1_0.exit_time,pt1_0.parking_spot_id,pt1_0.payment_status,pt1_0.status,pt1_0.total_cost,pt1_0.updated_at,pt1_0.vehicle_id from parking_transactions pt1_0 where pt1_0.id=?
2025-08-02T00:21:21.358+07:00 DEBUG 1016 --- [LegalPark] [http-nio-8085-exec-8] org.hibernate.SQL                        : select v1_0.id,v1_0.created_at,v1_0.license_plate,v1_0.owner_id,v1_0.type,v1_0.updated_at from vehicles v1_0 where v1_0.id=?
2025-08-02T00:21:21.361+07:00 DEBUG 1016 --- [LegalPark] [http-nio-8085-exec-8] org.hibernate.SQL                        : select u1_0.id,u1_0.account_name,u1_0.account_status,u1_0.balance,u1_0.created_at,u1_0.email,u1_0.password,u1_0.phone_number,u1_0.role,u1_0.updated_at from users u1_0 where u1_0.id=?
2025-08-02T00:21:21.365+07:00 DEBUG 1016 --- [LegalPark] [http-nio-8085-exec-8] org.hibernate.SQL                        : select ps1_0.id,ps1_0.created_at,ps1_0.floor,ps1_0.merchant_id,ps1_0.spot_number,ps1_0.spot_type,ps1_0.status,ps1_0.updated_at from parking_spots ps1_0 where ps1_0.id=?
2025-08-02T00:21:21.371+07:00 DEBUG 1016 --- [LegalPark] [http-nio-8085-exec-8] org.hibernate.SQL                        : select m1_0.id,m1_0.contact_person,m1_0.contact_phone,m1_0.created_at,m1_0.merchant_address,m1_0.merchant_code,m1_0.merchant_name,m1_0.updated_at from merchants m1_0 where m1_0.id=?
2025-08-02T00:22:17.522+07:00 DEBUG 1016 --- [LegalPark] [http-nio-8085-exec-9] org.hibernate.SQL                        : select u1_0.id,u1_0.account_name,u1_0.account_status,u1_0.balance,u1_0.created_at,u1_0.email,u1_0.password,u1_0.phone_number,u1_0.role,u1_0.updated_at from users u1_0 where u1_0.email=?
2025-08-02T00:22:18.178+07:00 DEBUG 1016 --- [LegalPark] [http-nio-8085-exec-9] org.hibernate.SQL                        : select v1_0.id,v1_0.created_at,v1_0.license_plate,v1_0.owner_id,v1_0.type,v1_0.updated_at from vehicles v1_0 where v1_0.id=?
2025-08-02T00:22:18.209+07:00 DEBUG 1016 --- [LegalPark] [http-nio-8085-exec-9] org.hibernate.SQL                        : select pt1_0.id,pt1_0.created_at,pt1_0.entry_time,pt1_0.exit_time,pt1_0.parking_spot_id,pt1_0.payment_status,pt1_0.status,pt1_0.total_cost,pt1_0.updated_at,pt1_0.vehicle_id from parking_transactions pt1_0 where pt1_0.vehicle_id=?
2025-08-02T00:22:18.423+07:00 DEBUG 1016 --- [LegalPark] [http-nio-8085-exec-9] org.hibernate.SQL                        : select u1_0.id,u1_0.account_name,u1_0.account_status,u1_0.balance,u1_0.created_at,u1_0.email,u1_0.password,u1_0.phone_number,u1_0.role,u1_0.updated_at from users u1_0 where u1_0.id=?
2025-08-02T00:22:18.987+07:00 DEBUG 1016 --- [LegalPark] [http-nio-8085-exec-9] org.hibernate.SQL                        : select ps1_0.id,ps1_0.created_at,ps1_0.floor,ps1_0.merchant_id,ps1_0.spot_number,ps1_0.spot_type,ps1_0.status,ps1_0.updated_at from parking_spots ps1_0 where ps1_0.id=?
2025-08-02T00:22:19.008+07:00 DEBUG 1016 --- [LegalPark] [http-nio-8085-exec-9] org.hibernate.SQL                        : select m1_0.id,m1_0.contact_person,m1_0.contact_phone,m1_0.created_at,m1_0.merchant_address,m1_0.merchant_code,m1_0.merchant_name,m1_0.updated_at from merchants m1_0 where m1_0.id=?
2025-08-02T00:23:05.505+07:00 DEBUG 1016 --- [LegalPark] [http-nio-8085-exec-2] org.hibernate.SQL                        : select u1_0.id,u1_0.account_name,u1_0.account_status,u1_0.balance,u1_0.created_at,u1_0.email,u1_0.password,u1_0.phone_number,u1_0.role,u1_0.updated_at from users u1_0 where u1_0.email=?
2025-08-02T00:23:07.282+07:00 DEBUG 1016 --- [LegalPark] [http-nio-8085-exec-2] org.hibernate.SQL                        : select ps1_0.id,ps1_0.created_at,ps1_0.floor,ps1_0.merchant_id,ps1_0.spot_number,ps1_0.spot_type,ps1_0.status,ps1_0.updated_at from parking_spots ps1_0 where ps1_0.id=?
2025-08-02T00:23:07.306+07:00 DEBUG 1016 --- [LegalPark] [http-nio-8085-exec-2] org.hibernate.SQL                        : select pt1_0.id,pt1_0.created_at,pt1_0.entry_time,pt1_0.exit_time,pt1_0.parking_spot_id,pt1_0.payment_status,pt1_0.status,pt1_0.total_cost,pt1_0.updated_at,pt1_0.vehicle_id from parking_transactions pt1_0 where pt1_0.parking_spot_id=?
2025-08-02T00:23:07.325+07:00 DEBUG 1016 --- [LegalPark] [http-nio-8085-exec-2] org.hibernate.SQL                        : select v1_0.id,v1_0.created_at,v1_0.license_plate,v1_0.owner_id,v1_0.type,v1_0.updated_at from vehicles v1_0 where v1_0.id=?
2025-08-02T00:23:07.335+07:00 DEBUG 1016 --- [LegalPark] [http-nio-8085-exec-2] org.hibernate.SQL                        : select u1_0.id,u1_0.account_name,u1_0.account_status,u1_0.balance,u1_0.created_at,u1_0.email,u1_0.password,u1_0.phone_number,u1_0.role,u1_0.updated_at from users u1_0 where u1_0.id=?
2025-08-02T00:23:07.340+07:00 DEBUG 1016 --- [LegalPark] [http-nio-8085-exec-2] org.hibernate.SQL                        : select m1_0.id,m1_0.contact_person,m1_0.contact_phone,m1_0.created_at,m1_0.merchant_address,m1_0.merchant_code,m1_0.merchant_name,m1_0.updated_at from merchants m1_0 where m1_0.id=?
2025-08-02T00:24:09.565+07:00 DEBUG 1016 --- [LegalPark] [http-nio-8085-exec-5] org.hibernate.SQL                        : select u1_0.id,u1_0.account_name,u1_0.account_status,u1_0.balance,u1_0.created_at,u1_0.email,u1_0.password,u1_0.phone_number,u1_0.role,u1_0.updated_at from users u1_0 where u1_0.email=?
2025-08-02T00:24:10.912+07:00 DEBUG 1016 --- [LegalPark] [http-nio-8085-exec-5] org.hibernate.SQL                        : select m1_0.id,m1_0.contact_person,m1_0.contact_phone,m1_0.created_at,m1_0.merchant_address,m1_0.merchant_code,m1_0.merchant_name,m1_0.updated_at from merchants m1_0 where m1_0.id=?
2025-08-02T00:24:10.948+07:00 DEBUG 1016 --- [LegalPark] [http-nio-8085-exec-5] org.hibernate.SQL                        : select pt1_0.id,pt1_0.created_at,pt1_0.entry_time,pt1_0.exit_time,pt1_0.parking_spot_id,pt1_0.payment_status,pt1_0.status,pt1_0.total_cost,pt1_0.updated_at,pt1_0.vehicle_id from parking_transactions pt1_0 left join parking_spots ps1_0 on ps1_0.id=pt1_0.parking_spot_id left join merchants m1_0 on m1_0.id=ps1_0.merchant_id where m1_0.id=?
2025-08-02T00:24:11.007+07:00 DEBUG 1016 --- [LegalPark] [http-nio-8085-exec-5] org.hibernate.SQL                        : select v1_0.id,v1_0.created_at,v1_0.license_plate,v1_0.owner_id,v1_0.type,v1_0.updated_at from vehicles v1_0 where v1_0.id=?
2025-08-02T00:24:11.024+07:00 DEBUG 1016 --- [LegalPark] [http-nio-8085-exec-5] org.hibernate.SQL                        : select u1_0.id,u1_0.account_name,u1_0.account_status,u1_0.balance,u1_0.created_at,u1_0.email,u1_0.password,u1_0.phone_number,u1_0.role,u1_0.updated_at from users u1_0 where u1_0.id=?
2025-08-02T00:24:11.035+07:00 DEBUG 1016 --- [LegalPark] [http-nio-8085-exec-5] org.hibernate.SQL                        : select ps1_0.id,ps1_0.created_at,ps1_0.floor,ps1_0.merchant_id,ps1_0.spot_number,ps1_0.spot_type,ps1_0.status,ps1_0.updated_at from parking_spots ps1_0 where ps1_0.id=?
2025-08-02T00:24:41.348+07:00 DEBUG 1016 --- [LegalPark] [http-nio-8085-exec-6] org.hibernate.SQL                        : select u1_0.id,u1_0.account_name,u1_0.account_status,u1_0.balance,u1_0.created_at,u1_0.email,u1_0.password,u1_0.phone_number,u1_0.role,u1_0.updated_at from users u1_0 where u1_0.email=?
2025-08-02T00:24:41.434+07:00 DEBUG 1016 --- [LegalPark] [http-nio-8085-exec-6] org.hibernate.SQL                        : select pt1_0.id,pt1_0.created_at,pt1_0.entry_time,pt1_0.exit_time,pt1_0.parking_spot_id,pt1_0.payment_status,pt1_0.status,pt1_0.total_cost,pt1_0.updated_at,pt1_0.vehicle_id from parking_transactions pt1_0 where pt1_0.status=?
2025-08-02T00:24:41.453+07:00 DEBUG 1016 --- [LegalPark] [http-nio-8085-exec-6] org.hibernate.SQL                        : select v1_0.id,v1_0.created_at,v1_0.license_plate,v1_0.owner_id,v1_0.type,v1_0.updated_at from vehicles v1_0 where v1_0.id=?
2025-08-02T00:24:41.461+07:00 DEBUG 1016 --- [LegalPark] [http-nio-8085-exec-6] org.hibernate.SQL                        : select u1_0.id,u1_0.account_name,u1_0.account_status,u1_0.balance,u1_0.created_at,u1_0.email,u1_0.password,u1_0.phone_number,u1_0.role,u1_0.updated_at from users u1_0 where u1_0.id=?
2025-08-02T00:24:41.467+07:00 DEBUG 1016 --- [LegalPark] [http-nio-8085-exec-6] org.hibernate.SQL                        : select ps1_0.id,ps1_0.created_at,ps1_0.floor,ps1_0.merchant_id,ps1_0.spot_number,ps1_0.spot_type,ps1_0.status,ps1_0.updated_at from parking_spots ps1_0 where ps1_0.id=?
2025-08-02T00:24:41.477+07:00 DEBUG 1016 --- [LegalPark] [http-nio-8085-exec-6] org.hibernate.SQL                        : select m1_0.id,m1_0.contact_person,m1_0.contact_phone,m1_0.created_at,m1_0.merchant_address,m1_0.merchant_code,m1_0.merchant_name,m1_0.updated_at from merchants m1_0 where m1_0.id=?
2025-08-02T00:24:54.431+07:00 DEBUG 1016 --- [LegalPark] [http-nio-8085-exec-7] org.hibernate.SQL                        : select u1_0.id,u1_0.account_name,u1_0.account_status,u1_0.balance,u1_0.created_at,u1_0.email,u1_0.password,u1_0.phone_number,u1_0.role,u1_0.updated_at from users u1_0 where u1_0.email=?
2025-08-02T00:24:54.482+07:00 DEBUG 1016 --- [LegalPark] [http-nio-8085-exec-7] org.hibernate.SQL                        : select pt1_0.id,pt1_0.created_at,pt1_0.entry_time,pt1_0.exit_time,pt1_0.parking_spot_id,pt1_0.payment_status,pt1_0.status,pt1_0.total_cost,pt1_0.updated_at,pt1_0.vehicle_id from parking_transactions pt1_0 where pt1_0.payment_status=?
2025-08-02T00:24:54.496+07:00 DEBUG 1016 --- [LegalPark] [http-nio-8085-exec-7] org.hibernate.SQL                        : select v1_0.id,v1_0.created_at,v1_0.license_plate,v1_0.owner_id,v1_0.type,v1_0.updated_at from vehicles v1_0 where v1_0.id=?
2025-08-02T00:24:54.509+07:00 DEBUG 1016 --- [LegalPark] [http-nio-8085-exec-7] org.hibernate.SQL                        : select u1_0.id,u1_0.account_name,u1_0.account_status,u1_0.balance,u1_0.created_at,u1_0.email,u1_0.password,u1_0.phone_number,u1_0.role,u1_0.updated_at from users u1_0 where u1_0.id=?
2025-08-02T00:24:54.512+07:00 DEBUG 1016 --- [LegalPark] [http-nio-8085-exec-7] org.hibernate.SQL                        : select ps1_0.id,ps1_0.created_at,ps1_0.floor,ps1_0.merchant_id,ps1_0.spot_number,ps1_0.spot_type,ps1_0.status,ps1_0.updated_at from parking_spots ps1_0 where ps1_0.id=?
2025-08-02T00:24:54.519+07:00 DEBUG 1016 --- [LegalPark] [http-nio-8085-exec-7] org.hibernate.SQL                        : select m1_0.id,m1_0.contact_person,m1_0.contact_phone,m1_0.created_at,m1_0.merchant_address,m1_0.merchant_code,m1_0.merchant_name,m1_0.updated_at from merchants m1_0 where m1_0.id=?
2025-08-02T00:28:06.516+07:00 DEBUG 1016 --- [LegalPark] [http-nio-8085-exec-10] org.hibernate.SQL                        : select u1_0.id,u1_0.account_name,u1_0.account_status,u1_0.balance,u1_0.created_at,u1_0.email,u1_0.password,u1_0.phone_number,u1_0.role,u1_0.updated_at from users u1_0 where u1_0.email=?
2025-08-02T00:28:07.161+07:00 DEBUG 1016 --- [LegalPark] [http-nio-8085-exec-10] org.hibernate.SQL                        : select pt1_0.id,pt1_0.created_at,pt1_0.entry_time,pt1_0.exit_time,pt1_0.parking_spot_id,pt1_0.payment_status,pt1_0.status,pt1_0.total_cost,pt1_0.updated_at,pt1_0.vehicle_id from parking_transactions pt1_0 where pt1_0.id=?
2025-08-02T00:28:07.187+07:00 DEBUG 1016 --- [LegalPark] [http-nio-8085-exec-10] org.hibernate.SQL                        : select v1_0.id,v1_0.created_at,v1_0.license_plate,v1_0.owner_id,v1_0.type,v1_0.updated_at from vehicles v1_0 where v1_0.id=?
2025-08-02T00:28:07.467+07:00 DEBUG 1016 --- [LegalPark] [http-nio-8085-exec-10] org.hibernate.SQL                        : select u1_0.id,u1_0.account_name,u1_0.account_status,u1_0.balance,u1_0.created_at,u1_0.email,u1_0.password,u1_0.phone_number,u1_0.role,u1_0.updated_at from users u1_0 where u1_0.id=?
2025-08-02T00:28:07.582+07:00 DEBUG 1016 --- [LegalPark] [http-nio-8085-exec-10] org.hibernate.SQL                        : select ps1_0.id,ps1_0.created_at,ps1_0.floor,ps1_0.merchant_id,ps1_0.spot_number,ps1_0.spot_type,ps1_0.status,ps1_0.updated_at from parking_spots ps1_0 where ps1_0.id=?
2025-08-02T00:28:07.693+07:00 DEBUG 1016 --- [LegalPark] [http-nio-8085-exec-10] org.hibernate.SQL                        : select m1_0.id,m1_0.contact_person,m1_0.contact_phone,m1_0.created_at,m1_0.merchant_address,m1_0.merchant_code,m1_0.merchant_name,m1_0.updated_at from merchants m1_0 where m1_0.id=?
2025-08-02T00:28:07.859+07:00 DEBUG 1016 --- [LegalPark] [http-nio-8085-exec-10] org.hibernate.SQL                        : update parking_transactions set entry_time=?,exit_time=?,parking_spot_id=?,payment_status=?,status=?,total_cost=?,updated_at=?,vehicle_id=? where id=?
2025-08-02T00:32:06.609+07:00 DEBUG 1016 --- [LegalPark] [http-nio-8085-exec-3] org.hibernate.SQL                        : select u1_0.id,u1_0.account_name,u1_0.account_status,u1_0.balance,u1_0.created_at,u1_0.email,u1_0.password,u1_0.phone_number,u1_0.role,u1_0.updated_at from users u1_0 where u1_0.email=?
2025-08-02T00:32:06.912+07:00 DEBUG 1016 --- [LegalPark] [http-nio-8085-exec-3] org.hibernate.SQL                        : select pt1_0.id,pt1_0.created_at,pt1_0.entry_time,pt1_0.exit_time,pt1_0.parking_spot_id,pt1_0.payment_status,pt1_0.status,pt1_0.total_cost,pt1_0.updated_at,pt1_0.vehicle_id from parking_transactions pt1_0 where pt1_0.id=?
2025-08-02T00:32:06.921+07:00 DEBUG 1016 --- [LegalPark] [http-nio-8085-exec-3] org.hibernate.SQL                        : select ps1_0.id,ps1_0.created_at,ps1_0.floor,ps1_0.merchant_id,ps1_0.spot_number,ps1_0.spot_type,ps1_0.status,ps1_0.updated_at from parking_spots ps1_0 where ps1_0.id=?
2025-08-02T00:32:06.930+07:00 DEBUG 1016 --- [LegalPark] [http-nio-8085-exec-3] org.hibernate.SQL                        : update parking_transactions set entry_time=?,exit_time=?,parking_spot_id=?,payment_status=?,status=?,total_cost=?,updated_at=?,vehicle_id=? where id=?
2025-08-02T00:32:42.555+07:00 DEBUG 1016 --- [LegalPark] [http-nio-8085-exec-4] org.hibernate.SQL                        : select u1_0.id,u1_0.account_name,u1_0.account_status,u1_0.balance,u1_0.created_at,u1_0.email,u1_0.password,u1_0.phone_number,u1_0.role,u1_0.updated_at from users u1_0 where u1_0.email=?
2025-08-02T00:32:42.622+07:00 DEBUG 1016 --- [LegalPark] [http-nio-8085-exec-4] org.hibernate.SQL                        : select pt1_0.id,pt1_0.created_at,pt1_0.entry_time,pt1_0.exit_time,pt1_0.parking_spot_id,pt1_0.payment_status,pt1_0.status,pt1_0.total_cost,pt1_0.updated_at,pt1_0.vehicle_id from parking_transactions pt1_0 where pt1_0.id=?
2025-08-02T00:32:42.628+07:00 DEBUG 1016 --- [LegalPark] [http-nio-8085-exec-4] org.hibernate.SQL                        : select ps1_0.id,ps1_0.created_at,ps1_0.floor,ps1_0.merchant_id,ps1_0.spot_number,ps1_0.spot_type,ps1_0.status,ps1_0.updated_at from parking_spots ps1_0 where ps1_0.id=?
2025-08-02T00:32:42.644+07:00 DEBUG 1016 --- [LegalPark] [http-nio-8085-exec-4] org.hibernate.SQL                        : update parking_transactions set entry_time=?,exit_time=?,parking_spot_id=?,payment_status=?,status=?,total_cost=?,updated_at=?,vehicle_id=? where id=?
2025-08-02T00:34:46.022+07:00  INFO 1016 --- [LegalPark] [SpringApplicationShutdownHook] o.s.b.w.e.tomcat.GracefulShutdown        : Commencing graceful shutdown. Waiting for active requests to complete
2025-08-02T00:34:46.080+07:00  INFO 1016 --- [LegalPark] [tomcat-shutdown] o.s.b.w.e.tomcat.GracefulShutdown        : Graceful shutdown complete
2025-08-02T00:34:46.101+07:00  INFO 1016 --- [LegalPark] [SpringApplicationShutdownHook] j.LocalContainerEntityManagerFactoryBean : Closing JPA EntityManagerFactory for persistence unit 'default'
2025-08-02T00:34:46.112+07:00  INFO 1016 --- [LegalPark] [SpringApplicationShutdownHook] com.zaxxer.hikari.HikariDataSource       : HikariPool-1 - Shutdown initiated...
2025-08-02T00:34:46.121+07:00  INFO 1016 --- [LegalPark] [SpringApplicationShutdownHook] com.zaxxer.hikari.HikariDataSource       : HikariPool-1 - Shutdown completed.
